<?xml version="1.0" encoding="UTF-8"?>
<testng-results ignored="0" total="2" passed="2" failed="0" skipped="0">
  <reporter-output>
  </reporter-output>
  <suite started-at="2023-07-14T17:20:53 IST" name="Default suite" finished-at="2023-07-14T17:21:08 IST" duration-ms="14640">
    <groups>
    </groups>
    <test started-at="2023-07-14T17:20:53 IST" name="Default test" finished-at="2023-07-14T17:21:08 IST" duration-ms="14640">
      <class name="Selenium_TestNG.TestNG_Methods">
        <test-method is-config="true" signature="beforeClass()[pri:0, instance:Selenium_TestNG.TestNG_Methods@10683d9d]" started-at="2023-07-14T17:20:53 IST" name="beforeClass" finished-at="2023-07-14T17:21:00 IST" duration-ms="6167" status="PASS">
          <reporter-output>
          </reporter-output>
        </test-method> <!-- beforeClass -->
        <test-method signature="Testcase1()[pri:0, instance:Selenium_TestNG.TestNG_Methods@10683d9d]" started-at="2023-07-14T17:21:00 IST" name="Testcase1" finished-at="2023-07-14T17:21:03 IST" duration-ms="3831" status="PASS">
          <reporter-output>
          </reporter-output>
        </test-method> <!-- Testcase1 -->
        <test-method signature="Testcase2()[pri:0, instance:Selenium_TestNG.TestNG_Methods@10683d9d]" started-at="2023-07-14T17:21:03 IST" name="Testcase2" finished-at="2023-07-14T17:21:08 IST" depends-on-methods="Selenium_TestNG.TestNG_Methods.Testcase1" duration-ms="4403" status="PASS">
          <reporter-output>
          </reporter-output>
        </test-method> <!-- Testcase2 -->
        <test-method is-config="true" signature="afterClass()[pri:0, instance:Selenium_TestNG.TestNG_Methods@10683d9d]" started-at="2023-07-14T17:21:08 IST" name="afterClass" finished-at="2023-07-14T17:21:08 IST" duration-ms="200" status="PASS">
          <reporter-output>
          </reporter-output>
        </test-method> <!-- afterClass -->
      </class> <!-- Selenium_TestNG.TestNG_Methods -->
    </test> <!-- Default test -->
  </suite> <!-- Default suite -->
</testng-results>
